UC Berkeley, ABC 1.01 (compiled Oct  5 2025 21:00:09)
================== Command history ==================
lsv_unate_sat 6 1
lsv_unate_sat 6 2
lsv_unate_sat 6 3
lsv_unate_sat 6 4
lsv_unate_sat 6 5
lsv_unate_sat 6 6
lsv_unate_sat 6 7
lsv_unate_sat 6 8
lsv_unate_sat 6 9
lsv_unate_sat 6 10
=====================================================
abc 01> read ./lsv/pa2/benchmarks/int2float.blif
abc 02> strash
abc 03> lsv_unate_bdd 0 0
binate
-1000000000
-1001000000
abc 03> lsv_unate_bdd 0 1
binate
0-000100000
0-100100000
abc 03> lsv_unate_bdd 0 2
binate
00-00010000
00-10110000
abc 03> lsv_unate_bdd 0 3
binate
000-0010000
000-1001000
abc 03> lsv_unate_bdd 0 4
binate
0000-001100
0000-101100
abc 03> lsv_unate_bdd 0 5
binate
00000-00010
00000-10010
abc 03> lsv_unate_bdd 0 6
binate
000101-0000
000000-1011
abc 03> lsv_unate_bdd 0 7
binate
0001000-000
0101110-000
abc 03> lsv_unate_bdd 0 8
binate
00000011-11
00100010-00
abc 03> lsv_unate_bdd 0 9
binate
000000111-1
000100010-0
abc 03> lsv_unate_bdd 0 10
binate
0000011001-
0000001101-
abc 03> lsv_unate_bdd 1 0
binate
-1001000000
-1101000000
abc 03> lsv_unate_bdd 1 1
binate
0-100100000
1-101000000
abc 03> lsv_unate_bdd 1 2
binate
01-00100000
00-11110000
abc 03> lsv_unate_bdd 1 3
binate
000-1001000
000-1101000
abc 03> lsv_unate_bdd 1 4
binate
0000-100100
0011-110000
abc 03> lsv_unate_bdd 1 5
binate
11101-00000
00000-11010
abc 03> lsv_unate_bdd 1 6
binate
000000-1001
000000-1101
abc 03> lsv_unate_bdd 1 7
binate
0000001-001
0001110-000
abc 03> lsv_unate_bdd 1 8
binate
00000001-01
00000011-01
abc 03> lsv_unate_bdd 1 9
binate
000000111-1
000011001-0
abc 03> lsv_unate_bdd 1 10
binate
0000011101-
0001100100-
abc 03> lsv_unate_bdd 2 0
binate
-1101000000
-1111000000
abc 03> lsv_unate_bdd 2 1
binate
0-110100000
1-111000000
abc 03> lsv_unate_bdd 2 2
binate
00-11010000
00-11110000
abc 03> lsv_unate_bdd 2 3
binate
011-0100000
011-1100000
abc 03> lsv_unate_bdd 2 4
binate
0001-000000
0001-111000
abc 03> lsv_unate_bdd 2 5
binate
00000-11010
00000-11110
abc 03> lsv_unate_bdd 2 6
binate
000001-1010
000001-1110
abc 03> lsv_unate_bdd 2 7
binate
0000010-100
0000011-110
abc 03> lsv_unate_bdd 2 8
binate
00000011-01
00111010-00
abc 03> lsv_unate_bdd 2 9
binate
000000000-1
000001100-0
abc 03> lsv_unate_bdd 2 10
binate
0000111110-
0000001100-
abc 03> lsv_unate_bdd 3 0
independent
abc 03> lsv_unate_bdd 3 1
independent
abc 03> lsv_unate_bdd 3 2
positive unate
abc 03> lsv_unate_bdd 3 3
positive unate
abc 03> lsv_unate_bdd 3 4
binate
0000-000000
0000-111100
abc 03> lsv_unate_bdd 3 5
binate
00000-00000
00001-11100
abc 03> lsv_unate_bdd 3 6
binate
000000-0000
000011-1100
abc 03> lsv_unate_bdd 3 7
binate
0000000-000
0000111-100
abc 03> lsv_unate_bdd 3 8
binate
00000000-00
00001111-00
abc 03> lsv_unate_bdd 3 9
positive unate
abc 03> lsv_unate_bdd 3 10
positive unate
abc 03> lsv_unate_bdd 4 0
negative unate
abc 03> lsv_unate_bdd 4 1
binate
0-111100000
1-111000000
abc 03> lsv_unate_bdd 4 2
binate
01-11100000
00-01111100
abc 03> lsv_unate_bdd 4 3
binate
000-1111000
000-1111100
abc 03> lsv_unate_bdd 4 4
binate
0001-111000
0010-111100
abc 03> lsv_unate_bdd 4 5
binate
00000-11110
00111-10000
abc 03> lsv_unate_bdd 4 6
binate
000000-0000
011111-0000
abc 03> lsv_unate_bdd 4 7
binate
0000011-110
0000001-000
abc 03> lsv_unate_bdd 4 8
binate
00000111-10
00011111-00
abc 03> lsv_unate_bdd 4 9
binate
000111111-0
000000001-0
abc 03> lsv_unate_bdd 4 10
positive unate
abc 03> lsv_unate_bdd 5 0
positive unate
abc 03> lsv_unate_bdd 5 1
positive unate
abc 03> lsv_unate_bdd 5 2
binate
11-11000000
00-11110000
abc 03> lsv_unate_bdd 5 3
binate
111-1000000
001-1110000
abc 03> lsv_unate_bdd 5 4
binate
1111-000000
0011-110000
abc 03> lsv_unate_bdd 5 5
binate
01100-00000
00111-10000
abc 03> lsv_unate_bdd 5 6
binate
011000-0000
001111-0000
abc 03> lsv_unate_bdd 5 7
binate
0010111-100
0000001-000
abc 03> lsv_unate_bdd 5 8
binate
00101111-00
00000100-00
abc 03> lsv_unate_bdd 5 9
positive unate
abc 03> lsv_unate_bdd 5 10
positive unate
abc 03> lsv_unate_bdd 6 0
independent
abc 03> lsv_unate_bdd 6 1
independent
abc 03> lsv_unate_bdd 6 2
positive unate
abc 03> lsv_unate_bdd 6 3
positive unate
abc 03> lsv_unate_bdd 6 4
positive unate
abc 03> lsv_unate_bdd 6 5
positive unate
abc 03> lsv_unate_bdd 6 6
positive unate
abc 03> lsv_unate_bdd 6 7
positive unate
abc 03> lsv_unate_bdd 6 8
positive unate
abc 03> lsv_unate_bdd 6 9
positive unate
abc 03> lsv_unate_bdd 6 10
positive unate
abc 03> quit
