UC Berkeley, ABC 1.01 (compiled Oct  5 2025 21:00:09)
================== Command history ==================
lsv_unate_bdd 6 1
lsv_unate_bdd 6 2
lsv_unate_bdd 6 3
lsv_unate_bdd 6 4
lsv_unate_bdd 6 5
lsv_unate_bdd 6 6
lsv_unate_bdd 6 7
lsv_unate_bdd 6 8
lsv_unate_bdd 6 9
lsv_unate_bdd 6 10
=====================================================
abc 01> read ./lsv/pa2/benchmarks/int2float.blif
abc 02> strash
abc 03> lsv_unate_sat 0 0
binate
-0001000000
-1001000000
abc 03> lsv_unate_sat 0 1
binate
1-001100000
1-001000000
abc 03> lsv_unate_sat 0 2
binate
01-01110000
01-01100000
abc 03> lsv_unate_sat 0 3
binate
000-0010000
001-0010000
abc 03> lsv_unate_sat 0 4
binate
0100-000000
1100-000000
abc 03> lsv_unate_sat 0 5
binate
01000-00000
10000-00000
abc 03> lsv_unate_sat 0 6
binate
100101-0000
100000-0000
abc 03> lsv_unate_sat 0 7
binate
1000000-001
1000000-000
abc 03> lsv_unate_sat 0 8
binate
10001011-11
10000000-00
abc 03> lsv_unate_sat 0 9
binate
100000111-1
100000000-0
abc 03> lsv_unate_sat 0 10
binate
1000001000-
1000000000-
abc 03> lsv_unate_sat 1 0
binate
-1011000000
-1111000000
abc 03> lsv_unate_sat 1 1
binate
1-100000000
1-101000000
abc 03> lsv_unate_sat 1 2
binate
01-01000000
11-01000000
abc 03> lsv_unate_sat 1 3
binate
011-0110000
011-0100000
abc 03> lsv_unate_sat 1 4
binate
0010-000000
0100-000000
abc 03> lsv_unate_sat 1 5
binate
01011-00000
01000-00000
abc 03> lsv_unate_sat 1 6
binate
010010-0000
010000-0000
abc 03> lsv_unate_sat 1 7
binate
0101100-000
0100000-000
abc 03> lsv_unate_sat 1 8
binate
01111100-00
01000000-00
abc 03> lsv_unate_sat 1 9
binate
010000010-0
010000000-0
abc 03> lsv_unate_sat 1 10
binate
0101111100-
0100000000-
abc 03> lsv_unate_sat 2 0
binate
-1101000000
-1111000000
abc 03> lsv_unate_sat 2 1
binate
1-110100000
1-111000000
abc 03> lsv_unate_sat 2 2
binate
11-10000000
11-11000000
abc 03> lsv_unate_sat 2 3
binate
110-1000000
111-1000000
abc 03> lsv_unate_sat 2 4
binate
1111-010000
0010-000000
abc 03> lsv_unate_sat 2 5
binate
00100-10000
00100-00000
abc 03> lsv_unate_sat 2 6
binate
001001-0000
001000-0000
abc 03> lsv_unate_sat 2 7
binate
1111110-000
0010000-000
abc 03> lsv_unate_sat 2 8
binate
00100000-10
00100000-00
abc 03> lsv_unate_sat 2 9
binate
001000001-0
001000000-0
abc 03> lsv_unate_sat 2 10
binate
0010000001-
0010000000-
abc 03> lsv_unate_sat 3 0
independent
abc 03> lsv_unate_sat 3 1
independent
abc 03> lsv_unate_sat 3 2
positive unate
abc 03> lsv_unate_sat 3 3
positive unate
abc 03> lsv_unate_sat 3 4
binate
0000-000000
0000-111100
abc 03> lsv_unate_sat 3 5
binate
00000-00000
00001-11100
abc 03> lsv_unate_sat 3 6
binate
000000-0000
000011-1100
abc 03> lsv_unate_sat 3 7
binate
0000000-000
0000111-100
abc 03> lsv_unate_sat 3 8
binate
00000000-00
00001111-00
abc 03> lsv_unate_sat 3 9
positive unate
abc 03> lsv_unate_sat 3 10
positive unate
abc 03> lsv_unate_sat 4 0
negative unate
abc 03> lsv_unate_sat 4 1
binate
1-111100000
1-111000000
abc 03> lsv_unate_sat 4 2
binate
11-11100000
11-11000000
abc 03> lsv_unate_sat 4 3
binate
111-1111000
111-1000000
abc 03> lsv_unate_sat 4 4
binate
0011-000000
0011-110000
abc 03> lsv_unate_sat 4 5
binate
00001-11110
00001-00000
abc 03> lsv_unate_sat 4 6
binate
011111-1110
011111-0000
abc 03> lsv_unate_sat 4 7
binate
0000111-110
0000100-000
abc 03> lsv_unate_sat 4 8
binate
00100000-00
00011111-00
abc 03> lsv_unate_sat 4 9
binate
000111111-0
000010000-0
abc 03> lsv_unate_sat 4 10
positive unate
abc 03> lsv_unate_sat 5 0
positive unate
abc 03> lsv_unate_sat 5 1
positive unate
abc 03> lsv_unate_sat 5 2
binate
11-11000000
00-11110000
abc 03> lsv_unate_sat 5 3
binate
111-1000000
001-1110000
abc 03> lsv_unate_sat 5 4
binate
1111-000000
0011-110000
abc 03> lsv_unate_sat 5 5
binate
00111-00000
00111-10000
abc 03> lsv_unate_sat 5 6
binate
001110-0000
001111-0000
abc 03> lsv_unate_sat 5 7
binate
1101111-100
1111100-000
abc 03> lsv_unate_sat 5 8
binate
11101111-00
11111000-00
abc 03> lsv_unate_sat 5 9
positive unate
abc 03> lsv_unate_sat 5 10
positive unate
abc 03> lsv_unate_sat 6 0
independent
abc 03> lsv_unate_sat 6 1
independent
abc 03> lsv_unate_sat 6 2
positive unate
abc 03> lsv_unate_sat 6 3
positive unate
abc 03> lsv_unate_sat 6 4
positive unate
abc 03> lsv_unate_sat 6 5
positive unate
abc 03> lsv_unate_sat 6 6
positive unate
abc 03> lsv_unate_sat 6 7
positive unate
abc 03> lsv_unate_sat 6 8
positive unate
abc 03> lsv_unate_sat 6 9
positive unate
abc 03> lsv_unate_sat 6 10
positive unate
abc 03> quit
